
> @polokol/mixer@0.1.0 dev:mix-orchestrator
> TS_NODE_FILES=true ts-node src/mixJobOrchestratorRunner.ts

@polkadot/util has multiple versions, ensure that there is only one installed.
Either remove and explicitly install matching versions or dedupe using your package manager.
The following conflicting packages were found:
	cjs 12.6.2	node_modules/@polkadot/util/cjs
	cjs 12.6.2	node_modules/@polkadot/rpc-augment/node_modules/@polkadot/util/cjs
@polkadot/util has multiple versions, ensure that there is only one installed.
Either remove and explicitly install matching versions or dedupe using your package manager.
The following conflicting packages were found:
	cjs 12.6.2	node_modules/@polkadot/util/cjs
	cjs 12.6.2	node_modules/@polkadot/rpc-augment/node_modules/@polkadot/util/cjs
	cjs 13.2.1	node_modules/@polkadot/util/cjs
@polkadot/util has multiple versions, ensure that there is only one installed.
Either remove and explicitly install matching versions or dedupe using your package manager.
The following conflicting packages were found:
	cjs 12.6.2	node_modules/@polkadot/util/cjs
	cjs 12.6.2	node_modules/@polkadot/rpc-augment/node_modules/@polkadot/util/cjs
	cjs 13.2.1	node_modules/@polkadot/util/cjs
	cjs 12.6.2	node_modules/@polkadot/rpc-provider/node_modules/@polkadot/util/cjs
@polkadot/util has multiple versions, ensure that there is only one installed.
Either remove and explicitly install matching versions or dedupe using your package manager.
The following conflicting packages were found:
	cjs 12.6.2	node_modules/@polkadot/util/cjs
	cjs 12.6.2	node_modules/@polkadot/rpc-augment/node_modules/@polkadot/util/cjs
	cjs 13.2.1	node_modules/@polkadot/util/cjs
	cjs 12.6.2	node_modules/@polkadot/rpc-provider/node_modules/@polkadot/util/cjs
	cjs 12.6.2	node_modules/@polkadot/api-derive/node_modules/@polkadot/util/cjs
@polkadot/util has multiple versions, ensure that there is only one installed.
Either remove and explicitly install matching versions or dedupe using your package manager.
The following conflicting packages were found:
	cjs 12.6.2	node_modules/@polkadot/util/cjs
	cjs 12.6.2	node_modules/@polkadot/rpc-augment/node_modules/@polkadot/util/cjs
	cjs 13.2.1	node_modules/@polkadot/util/cjs
	cjs 12.6.2	node_modules/@polkadot/rpc-provider/node_modules/@polkadot/util/cjs
	cjs 12.6.2	node_modules/@polkadot/api-derive/node_modules/@polkadot/util/cjs
	cjs 12.6.2	node_modules/@polkadot/rpc-core/node_modules/@polkadot/util/cjs
@polkadot/util has multiple versions, ensure that there is only one installed.
Either remove and explicitly install matching versions or dedupe using your package manager.
The following conflicting packages were found:
	cjs 12.6.2	node_modules/@polkadot/util/cjs
	cjs 12.6.2	node_modules/@polkadot/rpc-augment/node_modules/@polkadot/util/cjs
	cjs 13.2.1	node_modules/@polkadot/util/cjs
	cjs 12.6.2	node_modules/@polkadot/rpc-provider/node_modules/@polkadot/util/cjs
	cjs 12.6.2	node_modules/@polkadot/api-derive/node_modules/@polkadot/util/cjs
	cjs 12.6.2	node_modules/@polkadot/rpc-core/node_modules/@polkadot/util/cjs
	cjs 12.6.2	node_modules/@polkadot/types/node_modules/@polkadot/util/cjs
@polkadot/util has multiple versions, ensure that there is only one installed.
Either remove and explicitly install matching versions or dedupe using your package manager.
The following conflicting packages were found:
	cjs 12.6.2	node_modules/@polkadot/util/cjs
	cjs 12.6.2	node_modules/@polkadot/rpc-augment/node_modules/@polkadot/util/cjs
	cjs 13.2.1	node_modules/@polkadot/util/cjs
	cjs 12.6.2	node_modules/@polkadot/rpc-provider/node_modules/@polkadot/util/cjs
	cjs 12.6.2	node_modules/@polkadot/api-derive/node_modules/@polkadot/util/cjs
	cjs 12.6.2	node_modules/@polkadot/rpc-core/node_modules/@polkadot/util/cjs
	cjs 12.6.2	node_modules/@polkadot/types/node_modules/@polkadot/util/cjs
	cjs 12.6.2	node_modules/@polkadot/types-create/node_modules/@polkadot/util/cjs
@polkadot/util has multiple versions, ensure that there is only one installed.
Either remove and explicitly install matching versions or dedupe using your package manager.
The following conflicting packages were found:
	cjs 12.6.2	node_modules/@polkadot/util/cjs
	cjs 12.6.2	node_modules/@polkadot/rpc-augment/node_modules/@polkadot/util/cjs
	cjs 13.2.1	node_modules/@polkadot/util/cjs
	cjs 12.6.2	node_modules/@polkadot/rpc-provider/node_modules/@polkadot/util/cjs
	cjs 12.6.2	node_modules/@polkadot/api-derive/node_modules/@polkadot/util/cjs
	cjs 12.6.2	node_modules/@polkadot/rpc-core/node_modules/@polkadot/util/cjs
	cjs 12.6.2	node_modules/@polkadot/types/node_modules/@polkadot/util/cjs
	cjs 12.6.2	node_modules/@polkadot/types-create/node_modules/@polkadot/util/cjs
	cjs 12.6.2	node_modules/@polkadot/types-codec/node_modules/@polkadot/util/cjs
@polkadot/util-crypto has multiple versions, ensure that there is only one installed.
Either remove and explicitly install matching versions or dedupe using your package manager.
The following conflicting packages were found:
	cjs 12.6.2	node_modules/@polkadot/util-crypto/cjs
	cjs 12.6.2	node_modules/@polkadot/types/node_modules/@polkadot/util-crypto/cjs
@polkadot/util-crypto has multiple versions, ensure that there is only one installed.
Either remove and explicitly install matching versions or dedupe using your package manager.
The following conflicting packages were found:
	cjs 12.6.2	node_modules/@polkadot/util-crypto/cjs
	cjs 12.6.2	node_modules/@polkadot/types/node_modules/@polkadot/util-crypto/cjs
	cjs 12.6.2	node_modules/@polkadot/api-derive/node_modules/@polkadot/util-crypto/cjs
@polkadot/util has multiple versions, ensure that there is only one installed.
Either remove and explicitly install matching versions or dedupe using your package manager.
The following conflicting packages were found:
	cjs 12.6.2	node_modules/@polkadot/util/cjs
	cjs 12.6.2	node_modules/@polkadot/rpc-augment/node_modules/@polkadot/util/cjs
	cjs 13.2.1	node_modules/@polkadot/util/cjs
	cjs 12.6.2	node_modules/@polkadot/rpc-provider/node_modules/@polkadot/util/cjs
	cjs 12.6.2	node_modules/@polkadot/api-derive/node_modules/@polkadot/util/cjs
	cjs 12.6.2	node_modules/@polkadot/rpc-core/node_modules/@polkadot/util/cjs
	cjs 12.6.2	node_modules/@polkadot/types/node_modules/@polkadot/util/cjs
	cjs 12.6.2	node_modules/@polkadot/types-create/node_modules/@polkadot/util/cjs
	cjs 12.6.2	node_modules/@polkadot/types-codec/node_modules/@polkadot/util/cjs
	cjs 12.6.2	node_modules/@polkadot/types-known/node_modules/@polkadot/util/cjs
[MixJobOrchestratorRunner] Starting with poll interval 3000ms
[MixJobOrchestrator] Starting (poll interval: 3000ms)
[MixJobOrchestratorRunner] Waiting for jobs (Ctrl+C to exit)...
