
> @polokol/mixer@0.1.0 dev:transport-node
> TS_NODE_FILES=true ts-node src/transportNodeServer.ts

[TransportNode] Starting...
[TransportNode] Role: entry
[TransportNode] Public key: 0x7b4e909bbe7ffe44c465a220037d608ee35897d31ef972f07f74892cb0f73f13
[TransportNode] Port: 9100
[TransportNode] Next hop: http://127.0.0.1:9101
[TransportNode] RPC URL: N/A
[TransportNode] entry node listening on http://localhost:9100
[TransportNode] entry node /rpc-mix error: AxiosError: Request failed with status code 500
    at settle (/Users/silas/daomix/node_modules/axios/lib/core/settle.js:19:12)
    at IncomingMessage.handleStreamEnd (/Users/silas/daomix/node_modules/axios/lib/adapters/http.js:793:11)
    at IncomingMessage.emit (node:events:520:35)
    at IncomingMessage.emit (node:domain:489:12)
    at endReadableNT (node:internal/streams/readable:1701:12)
    at processTicksAndRejections (node:internal/process/task_queues:89:21)
    at Axios.request (/Users/silas/daomix/node_modules/axios/lib/core/Axios.js:45:41)
    at processTicksAndRejections (node:internal/process/task_queues:103:5)
    at async /Users/silas/daomix/mixer/src/transportNodeServer.ts:149:29 {
  code: 'ERR_BAD_RESPONSE',
  config: {
    transitional: {
      silentJSONParsing: true,
      forcedJSONParsing: true,
      clarifyTimeoutError: false
    },
    adapter: [ 'xhr', 'http', 'fetch' ],
    transformRequest: [ [Function: transformRequest] ],
    transformResponse: [ [Function: transformResponse] ],
    timeout: 60000,
    xsrfCookieName: 'XSRF-TOKEN',
    xsrfHeaderName: 'X-XSRF-TOKEN',
    maxContentLength: -1,
    maxBodyLength: -1,
    env: { FormData: [Function [FormData]], Blob: [class Blob] },
    validateStatus: [Function: validateStatus],
    headers: Object [AxiosHeaders] {
      Accept: 'application/json, text/plain, */*',
      'Content-Type': 'application/json',
      'User-Agent': 'axios/1.13.2',
      'Content-Length': '968',
      'Accept-Encoding': 'gzip, compress, deflate, br'
    },
    method: 'post',
    url: 'http://127.0.0.1:9101/rpc-mix',
    data: '{"ciphertext":"0x00d6e3f3cb20649cd9e3a034944c1f375b675849fc1237ecf1e20c693f6a3e6f6d0969ac2427c202a302641c48c1b9e1e7181366bf431848fa0e20e07fc5a4b180780dc9ab26843c35b21fd957b9a87a139a9886c31b8d381b971f6a680fc02a158c0044202e690f153371f82d8172db317b92a5b50be7fedcd510f45055a7de0b8cc864aef53ea413aa49d64741728935e3b2d7dd804959cf48d15556d48ebecfca70f67873f4cb448bfea87f9b687873109a68d7329c81a7677b673f7459e298ea71370a774ab9badb9745d8b906b8592f589d06b6da77d78803ed64377ee3f7863840cb5c6e96bfd2c8f550fc3efff3fec1b29ac161731635de0ff1eb8f4004763cef67f6b19334585b5d100ae745a974d97d4003259b54fb3cfdb0da19aac1fdc27eb712d83082169d29b5c1587e9cf557e39bae107e8f2f010ba113d25f5a3450b2b1750a101277c5c931c3bd5a3768f0c54d817fdbbecd86c422949ebbd171c1af068a586c6650586b6d74183bdaeafb1ee08fdf19254ebefa5878733da2188b51a324d7d57d18b1607026689734c2b91e2c8c8fd596db09d1e0a3b16d42bde6abe343ccad32734eaf79537f","senderPublicKey":"0xb2d641858df7ae7297e0cdaa8395846c9cc38cd8c864347b48568d367b9c644d"}',
    allowAbsoluteUrls: true
  },
  request: <ref *1> ClientRequest {
    _events: [Object: null prototype] {
      abort: [Function (anonymous)],
      aborted: [Function (anonymous)],
      connect: [Function (anonymous)],
      error: [Function (anonymous)],
      socket: [Function (anonymous)],
      timeout: [Function (anonymous)],
      finish: [Function: requestOnFinish]
    },
    _eventsCount: 7,
    _maxListeners: undefined,
    outputData: [],
    outputSize: 0,
    writable: true,
    destroyed: true,
    _last: false,
    chunkedEncoding: false,
    shouldKeepAlive: true,
    maxRequestsOnConnectionReached: false,
    _defaultKeepAlive: true,
    useChunkedEncodingByDefault: true,
    sendDate: false,
    _removedConnection: false,
    _removedContLen: false,
    _removedTE: false,
    strictContentLength: false,
    _contentLength: 968,
    _hasBody: true,
    _trailer: '',
    finished: true,
    _headerSent: true,
    _closed: true,
    _header: 'POST /rpc-mix HTTP/1.1\r\n' +
      'Accept: application/json, text/plain, */*\r\n' +
      'Content-Type: application/json\r\n' +
      'User-Agent: axios/1.13.2\r\n' +
      'Content-Length: 968\r\n' +
      'Accept-Encoding: gzip, compress, deflate, br\r\n' +
      'Host: 127.0.0.1:9101\r\n' +
      'Connection: keep-alive\r\n' +
      '\r\n',
    _keepAliveTimeout: 0,
    _onPendingData: [Function: nop],
    agent: Agent {
      _events: [Object: null prototype],
      _eventsCount: 2,
      _maxListeners: undefined,
      options: [Object: null prototype],
      defaultPort: 80,
      protocol: 'http:',
      requests: [Object: null prototype] {},
      sockets: [Object: null prototype] {},
      freeSockets: [Object: null prototype],
      keepAliveMsecs: 1000,
      keepAlive: true,
      maxSockets: Infinity,
      maxFreeSockets: 256,
      scheduling: 'lifo',
      maxTotalSockets: Infinity,
      totalSocketCount: 1,
      agentKeepAliveTimeoutBuffer: 1000,
      Symbol(shapeMode): false,
      Symbol(kCapture): false
    },
    socketPath: undefined,
    method: 'POST',
    maxHeaderSize: undefined,
    insecureHTTPParser: undefined,
    joinDuplicateHeaders: undefined,
    path: '/rpc-mix',
    _ended: true,
    res: IncomingMessage {
      _events: [Object],
      _readableState: [ReadableState],
      _maxListeners: undefined,
      socket: null,
      httpVersionMajor: 1,
      httpVersionMinor: 1,
      httpVersion: '1.1',
      complete: true,
      rawHeaders: [Array],
      rawTrailers: [],
      joinDuplicateHeaders: undefined,
      aborted: false,
      upgrade: false,
      url: '',
      method: null,
      statusCode: 500,
      statusMessage: 'Internal Server Error',
      client: [Socket],
      _consuming: false,
      _dumped: false,
      req: [Circular *1],
      _eventsCount: 4,
      responseUrl: 'http://127.0.0.1:9101/rpc-mix',
      redirects: [],
      Symbol(shapeMode): true,
      Symbol(kCapture): false,
      Symbol(kHeaders): [Object],
      Symbol(kHeadersCount): 14,
      Symbol(kTrailers): null,
      Symbol(kTrailersCount): 0
    },
    aborted: false,
    timeoutCb: null,
    upgradeOrConnect: false,
    parser: null,
    maxHeadersCount: null,
    reusedSocket: false,
    host: '127.0.0.1',
    protocol: 'http:',
    _redirectable: Writable {
      _events: [Object],
      _writableState: [WritableState],
      _maxListeners: undefined,
      _options: [Object],
      _ended: true,
      _ending: true,
      _redirectCount: 0,
      _redirects: [],
      _requestBodyLength: 968,
      _requestBodyBuffers: [],
      _eventsCount: 3,
      _onNativeResponse: [Function (anonymous)],
      _currentRequest: [Circular *1],
      _currentUrl: 'http://127.0.0.1:9101/rpc-mix',
      _timeout: null,
      Symbol(shapeMode): true,
      Symbol(kCapture): false
    },
    Symbol(shapeMode): false,
    Symbol(kCapture): false,
    Symbol(kBytesWritten): 0,
    Symbol(kNeedDrain): false,
    Symbol(corked): 0,
    Symbol(kChunkedBuffer): [],
    Symbol(kChunkedLength): 0,
    Symbol(kSocket): Socket {
      connecting: false,
      _hadError: false,
      _parent: null,
      _host: null,
      _closeAfterHandlingError: false,
      _events: [Object],
      _readableState: [ReadableState],
      _writableState: [WritableState],
      allowHalfOpen: false,
      _maxListeners: undefined,
      _eventsCount: 6,
      _sockname: null,
      _pendingData: null,
      _pendingEncoding: '',
      server: null,
      _server: null,
      timeout: 4000,
      parser: null,
      _httpMessage: null,
      Symbol(async_id_symbol): -1,
      Symbol(kHandle): [TCP],
      Symbol(lastWriteQueueSize): 0,
      Symbol(timeout): Timeout {
        _idleTimeout: 4000,
        _idlePrev: [TimersList],
        _idleNext: [TimersList],
        _idleStart: 2721729,
        _onTimeout: [Function: bound ],
        _timerArgs: undefined,
        _repeat: null,
        _destroyed: false,
        Symbol(refed): false,
        Symbol(kHasPrimitive): false,
        Symbol(asyncId): 552,
        Symbol(triggerId): 550,
        Symbol(kAsyncContextFrame): undefined
      },
      Symbol(kBuffer): null,
      Symbol(kBufferCb): null,
      Symbol(kBufferGen): null,
      Symbol(shapeMode): true,
      Symbol(kCapture): false,
      Symbol(kSetNoDelay): true,
      Symbol(kSetKeepAlive): true,
      Symbol(kSetKeepAliveInitialDelay): 1,
      Symbol(kBytesRead): 0,
      Symbol(kBytesWritten): 0
    },
    Symbol(kOutHeaders): [Object: null prototype] {
      accept: [Array],
      'content-type': [Array],
      'user-agent': [Array],
      'content-length': [Array],
      'accept-encoding': [Array],
      host: [Array]
    },
    Symbol(errored): null,
    Symbol(kHighWaterMark): 65536,
    Symbol(kRejectNonStandardBodyWrites): false,
    Symbol(kUniqueHeaders): null
  },
  response: {
    status: 500,
    statusText: 'Internal Server Error',
    headers: Object [AxiosHeaders] {
      'x-powered-by': 'Express',
      'content-type': 'application/json; charset=utf-8',
      'content-length': '41',
      etag: 'W/"29-A7dpGGXcwkhAzmOcgA6Ye1fDZKk"',
      date: 'Mon, 17 Nov 2025 12:16:21 GMT',
      connection: 'keep-alive',
      'keep-alive': 'timeout=5'
    },
    config: {
      transitional: [Object],
      adapter: [Array],
      transformRequest: [Array],
      transformResponse: [Array],
      timeout: 60000,
      xsrfCookieName: 'XSRF-TOKEN',
      xsrfHeaderName: 'X-XSRF-TOKEN',
      maxContentLength: -1,
      maxBodyLength: -1,
      env: [Object],
      validateStatus: [Function: validateStatus],
      headers: [Object [AxiosHeaders]],
      method: 'post',
      url: 'http://127.0.0.1:9101/rpc-mix',
      data: '{"ciphertext":"0x00d6e3f3cb20649cd9e3a034944c1f375b675849fc1237ecf1e20c693f6a3e6f6d0969ac2427c202a302641c48c1b9e1e7181366bf431848fa0e20e07fc5a4b180780dc9ab26843c35b21fd957b9a87a139a9886c31b8d381b971f6a680fc02a158c0044202e690f153371f82d8172db317b92a5b50be7fedcd510f45055a7de0b8cc864aef53ea413aa49d64741728935e3b2d7dd804959cf48d15556d48ebecfca70f67873f4cb448bfea87f9b687873109a68d7329c81a7677b673f7459e298ea71370a774ab9badb9745d8b906b8592f589d06b6da77d78803ed64377ee3f7863840cb5c6e96bfd2c8f550fc3efff3fec1b29ac161731635de0ff1eb8f4004763cef67f6b19334585b5d100ae745a974d97d4003259b54fb3cfdb0da19aac1fdc27eb712d83082169d29b5c1587e9cf557e39bae107e8f2f010ba113d25f5a3450b2b1750a101277c5c931c3bd5a3768f0c54d817fdbbecd86c422949ebbd171c1af068a586c6650586b6d74183bdaeafb1ee08fdf19254ebefa5878733da2188b51a324d7d57d18b1607026689734c2b91e2c8c8fd596db09d1e0a3b16d42bde6abe343ccad32734eaf79537f","senderPublicKey":"0xb2d641858df7ae7297e0cdaa8395846c9cc38cd8c864347b48568d367b9c644d"}',
      allowAbsoluteUrls: true
    },
    request: <ref *1> ClientRequest {
      _events: [Object: null prototype],
      _eventsCount: 7,
      _maxListeners: undefined,
      outputData: [],
      outputSize: 0,
      writable: true,
      destroyed: true,
      _last: false,
      chunkedEncoding: false,
      shouldKeepAlive: true,
      maxRequestsOnConnectionReached: false,
      _defaultKeepAlive: true,
      useChunkedEncodingByDefault: true,
      sendDate: false,
      _removedConnection: false,
      _removedContLen: false,
      _removedTE: false,
      strictContentLength: false,
      _contentLength: 968,
      _hasBody: true,
      _trailer: '',
      finished: true,
      _headerSent: true,
      _closed: true,
      _header: 'POST /rpc-mix HTTP/1.1\r\n' +
        'Accept: application/json, text/plain, */*\r\n' +
        'Content-Type: application/json\r\n' +
        'User-Agent: axios/1.13.2\r\n' +
        'Content-Length: 968\r\n' +
        'Accept-Encoding: gzip, compress, deflate, br\r\n' +
        'Host: 127.0.0.1:9101\r\n' +
        'Connection: keep-alive\r\n' +
        '\r\n',
      _keepAliveTimeout: 0,
      _onPendingData: [Function: nop],
      agent: [Agent],
      socketPath: undefined,
      method: 'POST',
      maxHeaderSize: undefined,
      insecureHTTPParser: undefined,
      joinDuplicateHeaders: undefined,
      path: '/rpc-mix',
      _ended: true,
      res: [IncomingMessage],
      aborted: false,
      timeoutCb: null,
      upgradeOrConnect: false,
      parser: null,
      maxHeadersCount: null,
      reusedSocket: false,
      host: '127.0.0.1',
      protocol: 'http:',
      _redirectable: [Writable],
      Symbol(shapeMode): false,
      Symbol(kCapture): false,
      Symbol(kBytesWritten): 0,
      Symbol(kNeedDrain): false,
      Symbol(corked): 0,
      Symbol(kChunkedBuffer): [],
      Symbol(kChunkedLength): 0,
      Symbol(kSocket): [Socket],
      Symbol(kOutHeaders): [Object: null prototype],
      Symbol(errored): null,
      Symbol(kHighWaterMark): 65536,
      Symbol(kRejectNonStandardBodyWrites): false,
      Symbol(kUniqueHeaders): null
    },
    data: { error: 'Transport node internal error' }
  },
  status: 500
}
