
> @polokol/mixer@0.1.0 dev:transport-node
> TS_NODE_FILES=true ts-node src/transportNodeServer.ts

[TransportNode] Generated keypair (for local dev):
[TransportNode] Secret key: 0xd9dd769bbbd4b22452095baa57e781d8543eeee095bb38aafea0547d684d3ca5
[TransportNode] Public key: 0x023ddbd24677bc4ef0cb7d19f46e70f41c0287b15b0ca16e966850bd82624b58
[TransportNode] Starting...
[TransportNode] Role: middle
[TransportNode] Public key: 0x023ddbd24677bc4ef0cb7d19f46e70f41c0287b15b0ca16e966850bd82624b58
[TransportNode] Port: 9101
[TransportNode] Next hop: http://127.0.0.1:9102
[TransportNode] RPC URL: N/A
[TransportNode] middle node listening on http://localhost:9101
[TransportNode] middle node /rpc-mix error: AxiosError: Request failed with status code 500
    at settle (/Users/silas/daomix/node_modules/axios/lib/core/settle.js:19:12)
    at IncomingMessage.handleStreamEnd (/Users/silas/daomix/node_modules/axios/lib/adapters/http.js:793:11)
    at IncomingMessage.emit (node:events:520:35)
    at IncomingMessage.emit (node:domain:489:12)
    at endReadableNT (node:internal/streams/readable:1701:12)
    at processTicksAndRejections (node:internal/process/task_queues:89:21)
    at Axios.request (/Users/silas/daomix/node_modules/axios/lib/core/Axios.js:45:41)
    at processTicksAndRejections (node:internal/process/task_queues:103:5)
    at async /Users/silas/daomix/mixer/src/transportNodeServer.ts:149:29 {
  code: 'ERR_BAD_RESPONSE',
  config: {
    transitional: {
      silentJSONParsing: true,
      forcedJSONParsing: true,
      clarifyTimeoutError: false
    },
    adapter: [ 'xhr', 'http', 'fetch' ],
    transformRequest: [ [Function: transformRequest] ],
    transformResponse: [ [Function: transformResponse] ],
    timeout: 60000,
    xsrfCookieName: 'XSRF-TOKEN',
    xsrfHeaderName: 'X-XSRF-TOKEN',
    maxContentLength: -1,
    maxBodyLength: -1,
    env: { FormData: [Function [FormData]], Blob: [class Blob] },
    validateStatus: [Function: validateStatus],
    headers: Object [AxiosHeaders] {
      Accept: 'application/json, text/plain, */*',
      'Content-Type': 'application/json',
      'User-Agent': 'axios/1.13.2',
      'Content-Length': '1062',
      'Accept-Encoding': 'gzip, compress, deflate, br'
    },
    method: 'post',
    url: 'http://127.0.0.1:9102/rpc-mix',
    data: '{"ciphertext":"0x8ef412de701495202c5a106b7d4eff1fda7e384a42cb3ae567ab847f71dbfa4ef2100c3bd348620747a83c92975be6ea2ab1ba772c48051bc6bdfbe3a5f3cc20a0ad10318a2e8dcc70a21430c5be93a9ee1109f862ab2c0ee8cc7fb85ae2766c807d58a910ed957516c6cebf7831b2d8a5d1a35a31a3d6b614a099ca4d86c9fa57177c471de876c9711cc4a42e09b9255a15e34b3e3ab9f0beebdbdcd376e10689841ba42d8e3b511bc20ec1b9f04bf95e14fc819be629125e7cdcbbc0be2d359a4b93ab54741fa0750d9c2a659d418afc822ef352b270c6dbe1de39ad8f043270a26f18c25ec693925314aebe8ca24d4342aae28bf0271d0e2f7b723632c52d9f35cbf5a7845077c66697dd5ac8de43c9454a4ef7925cd4541d1b5e0e9014b650a70ddd824c981fd65736cb2bcf3294d8e90aaae83833408e54a9cd53e3a2fc16afdcc193ba90582c97b131a1e6ef3d24e9435cc7d618cc6d40c6e6b8d21180ff8d2c0b611e30d0454c82a584dc26e6bf0f5e2dbfcaddf4316fcefa98b912f1a66a2b80df52b62e26dd60ae32caed794865620f676149bfa38def9d30a82e8e72bc3fe7ad84cf8416f5c3caba99d08a7cd9757b25909211868ae238e17df7b4a0d19a193d559a21d0190dbedac5f2153560d6a7b5320fa05495d4754559","senderPublicKey":"0x0602998d19b8d740a80573f3f1f98655c4ce049b4baed1bd263158ffe9562272"}',
    allowAbsoluteUrls: true
  },
  request: <ref *1> ClientRequest {
    _events: [Object: null prototype] {
      abort: [Function (anonymous)],
      aborted: [Function (anonymous)],
      connect: [Function (anonymous)],
      error: [Function (anonymous)],
      socket: [Function (anonymous)],
      timeout: [Function (anonymous)],
      finish: [Function: requestOnFinish]
    },
    _eventsCount: 7,
    _maxListeners: undefined,
    outputData: [],
    outputSize: 0,
    writable: true,
    destroyed: true,
    _last: false,
    chunkedEncoding: false,
    shouldKeepAlive: true,
    maxRequestsOnConnectionReached: false,
    _defaultKeepAlive: true,
    useChunkedEncodingByDefault: true,
    sendDate: false,
    _removedConnection: false,
    _removedContLen: false,
    _removedTE: false,
    strictContentLength: false,
    _contentLength: 1062,
    _hasBody: true,
    _trailer: '',
    finished: true,
    _headerSent: true,
    _closed: true,
    _header: 'POST /rpc-mix HTTP/1.1\r\n' +
      'Accept: application/json, text/plain, */*\r\n' +
      'Content-Type: application/json\r\n' +
      'User-Agent: axios/1.13.2\r\n' +
      'Content-Length: 1062\r\n' +
      'Accept-Encoding: gzip, compress, deflate, br\r\n' +
      'Host: 127.0.0.1:9102\r\n' +
      'Connection: keep-alive\r\n' +
      '\r\n',
    _keepAliveTimeout: 0,
    _onPendingData: [Function: nop],
    agent: Agent {
      _events: [Object: null prototype],
      _eventsCount: 2,
      _maxListeners: undefined,
      options: [Object: null prototype],
      defaultPort: 80,
      protocol: 'http:',
      requests: [Object: null prototype] {},
      sockets: [Object: null prototype] {},
      freeSockets: [Object: null prototype],
      keepAliveMsecs: 1000,
      keepAlive: true,
      maxSockets: Infinity,
      maxFreeSockets: 256,
      scheduling: 'lifo',
      maxTotalSockets: Infinity,
      totalSocketCount: 1,
      agentKeepAliveTimeoutBuffer: 1000,
      Symbol(shapeMode): false,
      Symbol(kCapture): false
    },
    socketPath: undefined,
    method: 'POST',
    maxHeaderSize: undefined,
    insecureHTTPParser: undefined,
    joinDuplicateHeaders: undefined,
    path: '/rpc-mix',
    _ended: true,
    res: IncomingMessage {
      _events: [Object],
      _readableState: [ReadableState],
      _maxListeners: undefined,
      socket: null,
      httpVersionMajor: 1,
      httpVersionMinor: 1,
      httpVersion: '1.1',
      complete: true,
      rawHeaders: [Array],
      rawTrailers: [],
      joinDuplicateHeaders: undefined,
      aborted: false,
      upgrade: false,
      url: '',
      method: null,
      statusCode: 500,
      statusMessage: 'Internal Server Error',
      client: [Socket],
      _consuming: false,
      _dumped: false,
      req: [Circular *1],
      _eventsCount: 4,
      responseUrl: 'http://127.0.0.1:9102/rpc-mix',
      redirects: [],
      Symbol(shapeMode): true,
      Symbol(kCapture): false,
      Symbol(kHeaders): [Object],
      Symbol(kHeadersCount): 14,
      Symbol(kTrailers): null,
      Symbol(kTrailersCount): 0
    },
    aborted: false,
    timeoutCb: null,
    upgradeOrConnect: false,
    parser: null,
    maxHeadersCount: null,
    reusedSocket: false,
    host: '127.0.0.1',
    protocol: 'http:',
    _redirectable: Writable {
      _events: [Object],
      _writableState: [WritableState],
      _maxListeners: undefined,
      _options: [Object],
      _ended: true,
      _ending: true,
      _redirectCount: 0,
      _redirects: [],
      _requestBodyLength: 1062,
      _requestBodyBuffers: [],
      _eventsCount: 3,
      _onNativeResponse: [Function (anonymous)],
      _currentRequest: [Circular *1],
      _currentUrl: 'http://127.0.0.1:9102/rpc-mix',
      _timeout: null,
      Symbol(shapeMode): true,
      Symbol(kCapture): false
    },
    Symbol(shapeMode): false,
    Symbol(kCapture): false,
    Symbol(kBytesWritten): 0,
    Symbol(kNeedDrain): false,
    Symbol(corked): 0,
    Symbol(kChunkedBuffer): [],
    Symbol(kChunkedLength): 0,
    Symbol(kSocket): Socket {
      connecting: false,
      _hadError: false,
      _parent: null,
      _host: null,
      _closeAfterHandlingError: false,
      _events: [Object],
      _readableState: [ReadableState],
      _writableState: [WritableState],
      allowHalfOpen: false,
      _maxListeners: undefined,
      _eventsCount: 6,
      _sockname: null,
      _pendingData: null,
      _pendingEncoding: '',
      server: null,
      _server: null,
      timeout: 4000,
      parser: null,
      _httpMessage: null,
      Symbol(async_id_symbol): -1,
      Symbol(kHandle): [TCP],
      Symbol(lastWriteQueueSize): 0,
      Symbol(timeout): Timeout {
        _idleTimeout: 4000,
        _idlePrev: [TimersList],
        _idleNext: [TimersList],
        _idleStart: 215494,
        _onTimeout: [Function: bound ],
        _timerArgs: undefined,
        _repeat: null,
        _destroyed: false,
        Symbol(refed): false,
        Symbol(kHasPrimitive): false,
        Symbol(asyncId): 179,
        Symbol(triggerId): 177,
        Symbol(kAsyncContextFrame): undefined
      },
      Symbol(kBuffer): null,
      Symbol(kBufferCb): null,
      Symbol(kBufferGen): null,
      Symbol(shapeMode): true,
      Symbol(kCapture): false,
      Symbol(kSetNoDelay): true,
      Symbol(kSetKeepAlive): true,
      Symbol(kSetKeepAliveInitialDelay): 1,
      Symbol(kBytesRead): 0,
      Symbol(kBytesWritten): 0
    },
    Symbol(kOutHeaders): [Object: null prototype] {
      accept: [Array],
      'content-type': [Array],
      'user-agent': [Array],
      'content-length': [Array],
      'accept-encoding': [Array],
      host: [Array]
    },
    Symbol(errored): null,
    Symbol(kHighWaterMark): 65536,
    Symbol(kRejectNonStandardBodyWrites): false,
    Symbol(kUniqueHeaders): null
  },
  response: {
    status: 500,
    statusText: 'Internal Server Error',
    headers: Object [AxiosHeaders] {
      'x-powered-by': 'Express',
      'content-type': 'application/json; charset=utf-8',
      'content-length': '41',
      etag: 'W/"29-A7dpGGXcwkhAzmOcgA6Ye1fDZKk"',
      date: 'Mon, 17 Nov 2025 09:42:18 GMT',
      connection: 'keep-alive',
      'keep-alive': 'timeout=5'
    },
    config: {
      transitional: [Object],
      adapter: [Array],
      transformRequest: [Array],
      transformResponse: [Array],
      timeout: 60000,
      xsrfCookieName: 'XSRF-TOKEN',
      xsrfHeaderName: 'X-XSRF-TOKEN',
      maxContentLength: -1,
      maxBodyLength: -1,
      env: [Object],
      validateStatus: [Function: validateStatus],
      headers: [Object [AxiosHeaders]],
      method: 'post',
      url: 'http://127.0.0.1:9102/rpc-mix',
      data: '{"ciphertext":"0x8ef412de701495202c5a106b7d4eff1fda7e384a42cb3ae567ab847f71dbfa4ef2100c3bd348620747a83c92975be6ea2ab1ba772c48051bc6bdfbe3a5f3cc20a0ad10318a2e8dcc70a21430c5be93a9ee1109f862ab2c0ee8cc7fb85ae2766c807d58a910ed957516c6cebf7831b2d8a5d1a35a31a3d6b614a099ca4d86c9fa57177c471de876c9711cc4a42e09b9255a15e34b3e3ab9f0beebdbdcd376e10689841ba42d8e3b511bc20ec1b9f04bf95e14fc819be629125e7cdcbbc0be2d359a4b93ab54741fa0750d9c2a659d418afc822ef352b270c6dbe1de39ad8f043270a26f18c25ec693925314aebe8ca24d4342aae28bf0271d0e2f7b723632c52d9f35cbf5a7845077c66697dd5ac8de43c9454a4ef7925cd4541d1b5e0e9014b650a70ddd824c981fd65736cb2bcf3294d8e90aaae83833408e54a9cd53e3a2fc16afdcc193ba90582c97b131a1e6ef3d24e9435cc7d618cc6d40c6e6b8d21180ff8d2c0b611e30d0454c82a584dc26e6bf0f5e2dbfcaddf4316fcefa98b912f1a66a2b80df52b62e26dd60ae32caed794865620f676149bfa38def9d30a82e8e72bc3fe7ad84cf8416f5c3caba99d08a7cd9757b25909211868ae238e17df7b4a0d19a193d559a21d0190dbedac5f2153560d6a7b5320fa05495d4754559","senderPublicKey":"0x0602998d19b8d740a80573f3f1f98655c4ce049b4baed1bd263158ffe9562272"}',
      allowAbsoluteUrls: true
    },
    request: <ref *1> ClientRequest {
      _events: [Object: null prototype],
      _eventsCount: 7,
      _maxListeners: undefined,
      outputData: [],
      outputSize: 0,
      writable: true,
      destroyed: true,
      _last: false,
      chunkedEncoding: false,
      shouldKeepAlive: true,
      maxRequestsOnConnectionReached: false,
      _defaultKeepAlive: true,
      useChunkedEncodingByDefault: true,
      sendDate: false,
      _removedConnection: false,
      _removedContLen: false,
      _removedTE: false,
      strictContentLength: false,
      _contentLength: 1062,
      _hasBody: true,
      _trailer: '',
      finished: true,
      _headerSent: true,
      _closed: true,
      _header: 'POST /rpc-mix HTTP/1.1\r\n' +
        'Accept: application/json, text/plain, */*\r\n' +
        'Content-Type: application/json\r\n' +
        'User-Agent: axios/1.13.2\r\n' +
        'Content-Length: 1062\r\n' +
        'Accept-Encoding: gzip, compress, deflate, br\r\n' +
        'Host: 127.0.0.1:9102\r\n' +
        'Connection: keep-alive\r\n' +
        '\r\n',
      _keepAliveTimeout: 0,
      _onPendingData: [Function: nop],
      agent: [Agent],
      socketPath: undefined,
      method: 'POST',
      maxHeaderSize: undefined,
      insecureHTTPParser: undefined,
      joinDuplicateHeaders: undefined,
      path: '/rpc-mix',
      _ended: true,
      res: [IncomingMessage],
      aborted: false,
      timeoutCb: null,
      upgradeOrConnect: false,
      parser: null,
      maxHeadersCount: null,
      reusedSocket: false,
      host: '127.0.0.1',
      protocol: 'http:',
      _redirectable: [Writable],
      Symbol(shapeMode): false,
      Symbol(kCapture): false,
      Symbol(kBytesWritten): 0,
      Symbol(kNeedDrain): false,
      Symbol(corked): 0,
      Symbol(kChunkedBuffer): [],
      Symbol(kChunkedLength): 0,
      Symbol(kSocket): [Socket],
      Symbol(kOutHeaders): [Object: null prototype],
      Symbol(errored): null,
      Symbol(kHighWaterMark): 65536,
      Symbol(kRejectNonStandardBodyWrites): false,
      Symbol(kUniqueHeaders): null
    },
    data: { error: 'Transport node internal error' }
  },
  status: 500
}
[TransportNode] middle node /rpc-mix error: AxiosError: Request failed with status code 500
    at settle (/Users/silas/daomix/node_modules/axios/lib/core/settle.js:19:12)
    at IncomingMessage.handleStreamEnd (/Users/silas/daomix/node_modules/axios/lib/adapters/http.js:793:11)
    at IncomingMessage.emit (node:events:520:35)
    at IncomingMessage.emit (node:domain:489:12)
    at endReadableNT (node:internal/streams/readable:1701:12)
    at processTicksAndRejections (node:internal/process/task_queues:89:21)
    at Axios.request (/Users/silas/daomix/node_modules/axios/lib/core/Axios.js:45:41)
    at processTicksAndRejections (node:internal/process/task_queues:103:5)
    at async /Users/silas/daomix/mixer/src/transportNodeServer.ts:149:29 {
  code: 'ERR_BAD_RESPONSE',
  config: {
    transitional: {
      silentJSONParsing: true,
      forcedJSONParsing: true,
      clarifyTimeoutError: false
    },
    adapter: [ 'xhr', 'http', 'fetch' ],
    transformRequest: [ [Function: transformRequest] ],
    transformResponse: [ [Function: transformResponse] ],
    timeout: 60000,
    xsrfCookieName: 'XSRF-TOKEN',
    xsrfHeaderName: 'X-XSRF-TOKEN',
    maxContentLength: -1,
    maxBodyLength: -1,
    env: { FormData: [Function [FormData]], Blob: [class Blob] },
    validateStatus: [Function: validateStatus],
    headers: Object [AxiosHeaders] {
      Accept: 'application/json, text/plain, */*',
      'Content-Type': 'application/json',
      'User-Agent': 'axios/1.13.2',
      'Content-Length': '1062',
      'Accept-Encoding': 'gzip, compress, deflate, br'
    },
    method: 'post',
    url: 'http://127.0.0.1:9102/rpc-mix',
    data: '{"ciphertext":"0xd6cd4f364c3567afde98fb4d854f5d83a0d6bcc30f48fba73230094b8312ccefd4c6de1d30e61d911ffe0e27032c9c70b14703c8a9118a43a00c9f014537464c68058776a2727c6a55d1add61bac192e63f2de8832f0f595a1b8e3f9b7f6d3be8ba7f0f1846026563b38a79c39efa07e85ad7bb6e1340bb8c5c6e7e9e7fbd3ae4d79a7548909cec6a15b166f60d47c96361696085f2864a46a698be23a68f55d114b7901308f2ac062fcb9f0e31390c04e1ce420776c760c0b103802e5a6fff01d21c31d2383184e3be381ae76db504b1626a4bb84197ad5cabf384357d8a081dcda7ff7b2a3e8a70f59028f9be5738f1838692d4cd775d4dd256781b67ee87cda27f468994a558522bdf08427cd93fb7a1794cb679de3d557d9b07809fa01e9ce3556919a8ebe82b4d68c124fc390da1ef0d9152b1d708b4b1d89945477e0a0674c2b0f8bae6837e9059d338cd732817d013c53725503f6f97a6211acddad1ba9affbedbdd994f4594b9963b2edd81d72773a3438e8da0f21058fff36883741f0c277e01c6a8be7fe3ae57f948a5ba4d69348a1bfa0d177e5df61cdd6a47ad5289ae5fc52dd12d9938b4e0d29f5ff16681b78a4da23906a34b65a3b816bbcd501560b9c9c170682e241ace8c51b1ccefe568ac469c0a54a39d2b0f95e82","senderPublicKey":"0x11b6e41d140072ffaac8069be121de05f7ea1aad6bd89f29986110954e3e1c51"}',
    allowAbsoluteUrls: true
  },
  request: <ref *1> ClientRequest {
    _events: [Object: null prototype] {
      abort: [Function (anonymous)],
      aborted: [Function (anonymous)],
      connect: [Function (anonymous)],
      error: [Function (anonymous)],
      socket: [Function (anonymous)],
      timeout: [Function (anonymous)],
      finish: [Function: requestOnFinish]
    },
    _eventsCount: 7,
    _maxListeners: undefined,
    outputData: [],
    outputSize: 0,
    writable: true,
    destroyed: true,
    _last: false,
    chunkedEncoding: false,
    shouldKeepAlive: true,
    maxRequestsOnConnectionReached: false,
    _defaultKeepAlive: true,
    useChunkedEncodingByDefault: true,
    sendDate: false,
    _removedConnection: false,
    _removedContLen: false,
    _removedTE: false,
    strictContentLength: false,
    _contentLength: 1062,
    _hasBody: true,
    _trailer: '',
    finished: true,
    _headerSent: true,
    _closed: true,
    _header: 'POST /rpc-mix HTTP/1.1\r\n' +
      'Accept: application/json, text/plain, */*\r\n' +
      'Content-Type: application/json\r\n' +
      'User-Agent: axios/1.13.2\r\n' +
      'Content-Length: 1062\r\n' +
      'Accept-Encoding: gzip, compress, deflate, br\r\n' +
      'Host: 127.0.0.1:9102\r\n' +
      'Connection: keep-alive\r\n' +
      '\r\n',
    _keepAliveTimeout: 0,
    _onPendingData: [Function: nop],
    agent: Agent {
      _events: [Object: null prototype],
      _eventsCount: 2,
      _maxListeners: undefined,
      options: [Object: null prototype],
      defaultPort: 80,
      protocol: 'http:',
      requests: [Object: null prototype] {},
      sockets: [Object: null prototype] {},
      freeSockets: [Object: null prototype],
      keepAliveMsecs: 1000,
      keepAlive: true,
      maxSockets: Infinity,
      maxFreeSockets: 256,
      scheduling: 'lifo',
      maxTotalSockets: Infinity,
      totalSocketCount: 1,
      agentKeepAliveTimeoutBuffer: 1000,
      Symbol(shapeMode): false,
      Symbol(kCapture): false
    },
    socketPath: undefined,
    method: 'POST',
    maxHeaderSize: undefined,
    insecureHTTPParser: undefined,
    joinDuplicateHeaders: undefined,
    path: '/rpc-mix',
    _ended: true,
    res: IncomingMessage {
      _events: [Object],
      _readableState: [ReadableState],
      _maxListeners: undefined,
      socket: null,
      httpVersionMajor: 1,
      httpVersionMinor: 1,
      httpVersion: '1.1',
      complete: true,
      rawHeaders: [Array],
      rawTrailers: [],
      joinDuplicateHeaders: undefined,
      aborted: false,
      upgrade: false,
      url: '',
      method: null,
      statusCode: 500,
      statusMessage: 'Internal Server Error',
      client: [Socket],
      _consuming: false,
      _dumped: false,
      req: [Circular *1],
      _eventsCount: 4,
      responseUrl: 'http://127.0.0.1:9102/rpc-mix',
      redirects: [],
      Symbol(shapeMode): true,
      Symbol(kCapture): false,
      Symbol(kHeaders): [Object],
      Symbol(kHeadersCount): 14,
      Symbol(kTrailers): null,
      Symbol(kTrailersCount): 0
    },
    aborted: false,
    timeoutCb: null,
    upgradeOrConnect: false,
    parser: null,
    maxHeadersCount: null,
    reusedSocket: false,
    host: '127.0.0.1',
    protocol: 'http:',
    _redirectable: Writable {
      _events: [Object],
      _writableState: [WritableState],
      _maxListeners: undefined,
      _options: [Object],
      _ended: true,
      _ending: true,
      _redirectCount: 0,
      _redirects: [],
      _requestBodyLength: 1062,
      _requestBodyBuffers: [],
      _eventsCount: 3,
      _onNativeResponse: [Function (anonymous)],
      _currentRequest: [Circular *1],
      _currentUrl: 'http://127.0.0.1:9102/rpc-mix',
      _timeout: null,
      Symbol(shapeMode): true,
      Symbol(kCapture): false
    },
    Symbol(shapeMode): false,
    Symbol(kCapture): false,
    Symbol(kBytesWritten): 0,
    Symbol(kNeedDrain): false,
    Symbol(corked): 0,
    Symbol(kChunkedBuffer): [],
    Symbol(kChunkedLength): 0,
    Symbol(kSocket): Socket {
      connecting: false,
      _hadError: false,
      _parent: null,
      _host: null,
      _closeAfterHandlingError: false,
      _events: [Object],
      _readableState: [ReadableState],
      _writableState: [WritableState],
      allowHalfOpen: false,
      _maxListeners: undefined,
      _eventsCount: 6,
      _sockname: null,
      _pendingData: null,
      _pendingEncoding: '',
      server: null,
      _server: null,
      timeout: 4000,
      parser: null,
      _httpMessage: null,
      Symbol(async_id_symbol): -1,
      Symbol(kHandle): [TCP],
      Symbol(lastWriteQueueSize): 0,
      Symbol(timeout): Timeout {
        _idleTimeout: 4000,
        _idlePrev: [TimersList],
        _idleNext: [TimersList],
        _idleStart: 391553,
        _onTimeout: [Function: bound ],
        _timerArgs: undefined,
        _repeat: null,
        _destroyed: false,
        Symbol(refed): false,
        Symbol(kHasPrimitive): false,
        Symbol(asyncId): 219,
        Symbol(triggerId): 217,
        Symbol(kAsyncContextFrame): undefined
      },
      Symbol(kBuffer): null,
      Symbol(kBufferCb): null,
      Symbol(kBufferGen): null,
      Symbol(shapeMode): true,
      Symbol(kCapture): false,
      Symbol(kSetNoDelay): true,
      Symbol(kSetKeepAlive): true,
      Symbol(kSetKeepAliveInitialDelay): 1,
      Symbol(kBytesRead): 0,
      Symbol(kBytesWritten): 0
    },
    Symbol(kOutHeaders): [Object: null prototype] {
      accept: [Array],
      'content-type': [Array],
      'user-agent': [Array],
      'content-length': [Array],
      'accept-encoding': [Array],
      host: [Array]
    },
    Symbol(errored): null,
    Symbol(kHighWaterMark): 65536,
    Symbol(kRejectNonStandardBodyWrites): false,
    Symbol(kUniqueHeaders): null
  },
  response: {
    status: 500,
    statusText: 'Internal Server Error',
    headers: Object [AxiosHeaders] {
      'x-powered-by': 'Express',
      'content-type': 'application/json; charset=utf-8',
      'content-length': '41',
      etag: 'W/"29-A7dpGGXcwkhAzmOcgA6Ye1fDZKk"',
      date: 'Mon, 17 Nov 2025 09:45:14 GMT',
      connection: 'keep-alive',
      'keep-alive': 'timeout=5'
    },
    config: {
      transitional: [Object],
      adapter: [Array],
      transformRequest: [Array],
      transformResponse: [Array],
      timeout: 60000,
      xsrfCookieName: 'XSRF-TOKEN',
      xsrfHeaderName: 'X-XSRF-TOKEN',
      maxContentLength: -1,
      maxBodyLength: -1,
      env: [Object],
      validateStatus: [Function: validateStatus],
      headers: [Object [AxiosHeaders]],
      method: 'post',
      url: 'http://127.0.0.1:9102/rpc-mix',
      data: '{"ciphertext":"0xd6cd4f364c3567afde98fb4d854f5d83a0d6bcc30f48fba73230094b8312ccefd4c6de1d30e61d911ffe0e27032c9c70b14703c8a9118a43a00c9f014537464c68058776a2727c6a55d1add61bac192e63f2de8832f0f595a1b8e3f9b7f6d3be8ba7f0f1846026563b38a79c39efa07e85ad7bb6e1340bb8c5c6e7e9e7fbd3ae4d79a7548909cec6a15b166f60d47c96361696085f2864a46a698be23a68f55d114b7901308f2ac062fcb9f0e31390c04e1ce420776c760c0b103802e5a6fff01d21c31d2383184e3be381ae76db504b1626a4bb84197ad5cabf384357d8a081dcda7ff7b2a3e8a70f59028f9be5738f1838692d4cd775d4dd256781b67ee87cda27f468994a558522bdf08427cd93fb7a1794cb679de3d557d9b07809fa01e9ce3556919a8ebe82b4d68c124fc390da1ef0d9152b1d708b4b1d89945477e0a0674c2b0f8bae6837e9059d338cd732817d013c53725503f6f97a6211acddad1ba9affbedbdd994f4594b9963b2edd81d72773a3438e8da0f21058fff36883741f0c277e01c6a8be7fe3ae57f948a5ba4d69348a1bfa0d177e5df61cdd6a47ad5289ae5fc52dd12d9938b4e0d29f5ff16681b78a4da23906a34b65a3b816bbcd501560b9c9c170682e241ace8c51b1ccefe568ac469c0a54a39d2b0f95e82","senderPublicKey":"0x11b6e41d140072ffaac8069be121de05f7ea1aad6bd89f29986110954e3e1c51"}',
      allowAbsoluteUrls: true
    },
    request: <ref *1> ClientRequest {
      _events: [Object: null prototype],
      _eventsCount: 7,
      _maxListeners: undefined,
      outputData: [],
      outputSize: 0,
      writable: true,
      destroyed: true,
      _last: false,
      chunkedEncoding: false,
      shouldKeepAlive: true,
      maxRequestsOnConnectionReached: false,
      _defaultKeepAlive: true,
      useChunkedEncodingByDefault: true,
      sendDate: false,
      _removedConnection: false,
      _removedContLen: false,
      _removedTE: false,
      strictContentLength: false,
      _contentLength: 1062,
      _hasBody: true,
      _trailer: '',
      finished: true,
      _headerSent: true,
      _closed: true,
      _header: 'POST /rpc-mix HTTP/1.1\r\n' +
        'Accept: application/json, text/plain, */*\r\n' +
        'Content-Type: application/json\r\n' +
        'User-Agent: axios/1.13.2\r\n' +
        'Content-Length: 1062\r\n' +
        'Accept-Encoding: gzip, compress, deflate, br\r\n' +
        'Host: 127.0.0.1:9102\r\n' +
        'Connection: keep-alive\r\n' +
        '\r\n',
      _keepAliveTimeout: 0,
      _onPendingData: [Function: nop],
      agent: [Agent],
      socketPath: undefined,
      method: 'POST',
      maxHeaderSize: undefined,
      insecureHTTPParser: undefined,
      joinDuplicateHeaders: undefined,
      path: '/rpc-mix',
      _ended: true,
      res: [IncomingMessage],
      aborted: false,
      timeoutCb: null,
      upgradeOrConnect: false,
      parser: null,
      maxHeadersCount: null,
      reusedSocket: false,
      host: '127.0.0.1',
      protocol: 'http:',
      _redirectable: [Writable],
      Symbol(shapeMode): false,
      Symbol(kCapture): false,
      Symbol(kBytesWritten): 0,
      Symbol(kNeedDrain): false,
      Symbol(corked): 0,
      Symbol(kChunkedBuffer): [],
      Symbol(kChunkedLength): 0,
      Symbol(kSocket): [Socket],
      Symbol(kOutHeaders): [Object: null prototype],
      Symbol(errored): null,
      Symbol(kHighWaterMark): 65536,
      Symbol(kRejectNonStandardBodyWrites): false,
      Symbol(kUniqueHeaders): null
    },
    data: { error: 'Transport node internal error' }
  },
  status: 500
}
