
> @polokol/mixer@0.1.0 dev:transport-node
> TS_NODE_FILES=true ts-node src/transportNodeServer.ts

[TransportNode] Generated keypair (for local dev):
[TransportNode] Secret key: 0x77d1dcb92cffd22f3f97797e1fdeee0dc1ebc691666d3d73bae3214fd248fb31
[TransportNode] Public key: 0x922dba68b44ddfb68510f94199999faa5a13a3f663bdbb49cba9497cbbb1de2f
[TransportNode] Starting...
[TransportNode] Role: exit
[TransportNode] Public key: 0x922dba68b44ddfb68510f94199999faa5a13a3f663bdbb49cba9497cbbb1de2f
[TransportNode] Port: 9102
[TransportNode] Next hop: N/A
[TransportNode] RPC URL: N/A
[TransportNode] exit node listening on http://localhost:9102
[TransportNode] exit node /rpc-mix error: AxiosError: connect ECONNREFUSED 127.0.0.1:9933
    at AxiosError.from (/Users/silas/daomix/node_modules/axios/lib/core/AxiosError.js:96:14)
    at RedirectableRequest.handleRequestError (/Users/silas/daomix/node_modules/axios/lib/adapters/http.js:817:25)
    at RedirectableRequest.emit (node:events:520:35)
    at RedirectableRequest.emit (node:domain:489:12)
    at ClientRequest.eventHandlers.<computed> (/Users/silas/daomix/node_modules/follow-redirects/index.js:49:24)
    at ClientRequest.emit (node:events:508:28)
    at ClientRequest.emit (node:domain:489:12)
    at emitErrorEvent (node:_http_client:108:11)
    at Socket.socketErrorListener (node:_http_client:575:5)
    at Socket.emit (node:events:508:28)
    at Axios.request (/Users/silas/daomix/node_modules/axios/lib/core/Axios.js:45:41)
    at processTicksAndRejections (node:internal/process/task_queues:103:5)
    at async /Users/silas/daomix/mixer/src/transportNodeServer.ts:179:25 {
  port: 9933,
  address: '127.0.0.1',
  syscall: 'connect',
  code: 'ECONNREFUSED',
  errno: -61,
  config: {
    transitional: {
      silentJSONParsing: true,
      forcedJSONParsing: true,
      clarifyTimeoutError: false
    },
    adapter: [ 'xhr', 'http', 'fetch' ],
    transformRequest: [ [Function: transformRequest] ],
    transformResponse: [ [Function: transformResponse] ],
    timeout: 60000,
    xsrfCookieName: 'XSRF-TOKEN',
    xsrfHeaderName: 'X-XSRF-TOKEN',
    maxContentLength: -1,
    maxBodyLength: -1,
    env: { FormData: [Function [FormData]], Blob: [class Blob] },
    validateStatus: [Function: validateStatus],
    headers: Object [AxiosHeaders] {
      Accept: 'application/json, text/plain, */*',
      'Content-Type': 'application/json',
      'User-Agent': 'axios/1.13.2',
      'Content-Length': '396',
      'Accept-Encoding': 'gzip, compress, deflate, br'
    },
    method: 'post',
    url: 'http://127.0.0.1:9933',
    data: '{"jsonrpc":"2.0","id":1763372537923,"method":"author_submitAndWatchExtrinsic","params":["0x55028400d43593c715fdd31c61141abd04a99fd6822c8558854ccde39a5684e7a56da27d01d200be7803ae36854df94a280de02de3b35e6556900f5b0fc7d2a622bd00f137de6a3e5295c225e68a7bcb255ce5c0cba5db64172a380f09f482af7e69b9dd83c5000000330039af0500d43593c715fdd31c61141abd04a99fd6822c8558854ccde39a5684e7a56da27d7e000000e2000000"]}',
    allowAbsoluteUrls: true
  },
  request: <ref *1> Writable {
    _events: {
      close: undefined,
      error: [Function: handleRequestError],
      prefinish: undefined,
      finish: undefined,
      drain: undefined,
      response: [Function: handleResponse],
      socket: [Array],
      timeout: undefined,
      abort: undefined
    },
    _writableState: WritableState {
      highWaterMark: 65536,
      length: 0,
      corked: 0,
      onwrite: [Function: bound onwrite],
      writelen: 0,
      bufferedIndex: 0,
      pendingcb: 0,
      Symbol(kState): 17580812,
      Symbol(kBufferedValue): null
    },
    _maxListeners: undefined,
    _options: {
      maxRedirects: 21,
      maxBodyLength: Infinity,
      protocol: 'http:',
      path: '/',
      method: 'POST',
      headers: [Object: null prototype],
      agents: [Object],
      auth: undefined,
      family: undefined,
      beforeRedirect: [Function: dispatchBeforeRedirect],
      beforeRedirects: [Object],
      http2Options: undefined,
      hostname: '127.0.0.1',
      port: '9933',
      agent: undefined,
      nativeProtocols: [Object],
      pathname: '/'
    },
    _ended: true,
    _ending: true,
    _redirectCount: 0,
    _redirects: [],
    _requestBodyLength: 396,
    _requestBodyBuffers: [ [Object] ],
    _eventsCount: 3,
    _onNativeResponse: [Function (anonymous)],
    _currentRequest: ClientRequest {
      _events: [Object: null prototype],
      _eventsCount: 7,
      _maxListeners: undefined,
      outputData: [],
      outputSize: 0,
      writable: true,
      destroyed: false,
      _last: false,
      chunkedEncoding: false,
      shouldKeepAlive: true,
      maxRequestsOnConnectionReached: false,
      _defaultKeepAlive: true,
      useChunkedEncodingByDefault: true,
      sendDate: false,
      _removedConnection: false,
      _removedContLen: false,
      _removedTE: false,
      strictContentLength: false,
      _contentLength: 396,
      _hasBody: true,
      _trailer: '',
      finished: true,
      _headerSent: true,
      _closed: false,
      _header: 'POST / HTTP/1.1\r\n' +
        'Accept: application/json, text/plain, */*\r\n' +
        'Content-Type: application/json\r\n' +
        'User-Agent: axios/1.13.2\r\n' +
        'Content-Length: 396\r\n' +
        'Accept-Encoding: gzip, compress, deflate, br\r\n' +
        'Host: 127.0.0.1:9933\r\n' +
        'Connection: keep-alive\r\n' +
        '\r\n',
      _keepAliveTimeout: 0,
      _onPendingData: [Function: nop],
      agent: [Agent],
      socketPath: undefined,
      method: 'POST',
      maxHeaderSize: undefined,
      insecureHTTPParser: undefined,
      joinDuplicateHeaders: undefined,
      path: '/',
      _ended: false,
      res: null,
      aborted: false,
      timeoutCb: [Function: emitRequestTimeout],
      upgradeOrConnect: false,
      parser: null,
      maxHeadersCount: null,
      reusedSocket: false,
      host: '127.0.0.1',
      protocol: 'http:',
      _redirectable: [Circular *1],
      Symbol(shapeMode): false,
      Symbol(kCapture): false,
      Symbol(kBytesWritten): 0,
      Symbol(kNeedDrain): false,
      Symbol(corked): 0,
      Symbol(kChunkedBuffer): [],
      Symbol(kChunkedLength): 0,
      Symbol(kSocket): [Socket],
      Symbol(kOutHeaders): [Object: null prototype],
      Symbol(errored): null,
      Symbol(kHighWaterMark): 65536,
      Symbol(kRejectNonStandardBodyWrites): false,
      Symbol(kUniqueHeaders): null
    },
    _currentUrl: 'http://127.0.0.1:9933/',
    _timeout: null,
    Symbol(shapeMode): true,
    Symbol(kCapture): false
  },
  [cause]: Error: connect ECONNREFUSED 127.0.0.1:9933
      at TCPConnectWrap.afterConnect [as oncomplete] (node:net:1637:16) {
    errno: -61,
    code: 'ECONNREFUSED',
    syscall: 'connect',
    address: '127.0.0.1',
    port: 9933
  }
}
[TransportNode] exit node /rpc-mix error: AxiosError: connect ECONNREFUSED 127.0.0.1:9933
    at AxiosError.from (/Users/silas/daomix/node_modules/axios/lib/core/AxiosError.js:96:14)
    at RedirectableRequest.handleRequestError (/Users/silas/daomix/node_modules/axios/lib/adapters/http.js:817:25)
    at RedirectableRequest.emit (node:events:520:35)
    at RedirectableRequest.emit (node:domain:489:12)
    at ClientRequest.eventHandlers.<computed> (/Users/silas/daomix/node_modules/follow-redirects/index.js:49:24)
    at ClientRequest.emit (node:events:508:28)
    at ClientRequest.emit (node:domain:489:12)
    at emitErrorEvent (node:_http_client:108:11)
    at Socket.socketErrorListener (node:_http_client:575:5)
    at Socket.emit (node:events:508:28)
    at Axios.request (/Users/silas/daomix/node_modules/axios/lib/core/Axios.js:45:41)
    at processTicksAndRejections (node:internal/process/task_queues:103:5)
    at async /Users/silas/daomix/mixer/src/transportNodeServer.ts:179:25 {
  port: 9933,
  address: '127.0.0.1',
  syscall: 'connect',
  code: 'ECONNREFUSED',
  errno: -61,
  config: {
    transitional: {
      silentJSONParsing: true,
      forcedJSONParsing: true,
      clarifyTimeoutError: false
    },
    adapter: [ 'xhr', 'http', 'fetch' ],
    transformRequest: [ [Function: transformRequest] ],
    transformResponse: [ [Function: transformResponse] ],
    timeout: 60000,
    xsrfCookieName: 'XSRF-TOKEN',
    xsrfHeaderName: 'X-XSRF-TOKEN',
    maxContentLength: -1,
    maxBodyLength: -1,
    env: { FormData: [Function [FormData]], Blob: [class Blob] },
    validateStatus: [Function: validateStatus],
    headers: Object [AxiosHeaders] {
      Accept: 'application/json, text/plain, */*',
      'Content-Type': 'application/json',
      'User-Agent': 'axios/1.13.2',
      'Content-Length': '396',
      'Accept-Encoding': 'gzip, compress, deflate, br'
    },
    method: 'post',
    url: 'http://127.0.0.1:9933',
    data: '{"jsonrpc":"2.0","id":1763372714020,"method":"author_submitAndWatchExtrinsic","params":["0x55028400d43593c715fdd31c61141abd04a99fd6822c8558854ccde39a5684e7a56da27d014c04169aaf7c201ce4c595ee1831671835a6dbd397e569fed98ede918fd9952b2837fb39e30ad4fc35385d55e0b1ad536782d3b59633426ac1bb60ee6eced882750000003300e9af0500d43593c715fdd31c61141abd04a99fd6822c8558854ccde39a5684e7a56da27db90000001d010000"]}',
    allowAbsoluteUrls: true
  },
  request: <ref *1> Writable {
    _events: {
      close: undefined,
      error: [Function: handleRequestError],
      prefinish: undefined,
      finish: undefined,
      drain: undefined,
      response: [Function: handleResponse],
      socket: [Array],
      timeout: undefined,
      abort: undefined
    },
    _writableState: WritableState {
      highWaterMark: 65536,
      length: 0,
      corked: 0,
      onwrite: [Function: bound onwrite],
      writelen: 0,
      bufferedIndex: 0,
      pendingcb: 0,
      Symbol(kState): 17580812,
      Symbol(kBufferedValue): null
    },
    _maxListeners: undefined,
    _options: {
      maxRedirects: 21,
      maxBodyLength: Infinity,
      protocol: 'http:',
      path: '/',
      method: 'POST',
      headers: [Object: null prototype],
      agents: [Object],
      auth: undefined,
      family: undefined,
      beforeRedirect: [Function: dispatchBeforeRedirect],
      beforeRedirects: [Object],
      http2Options: undefined,
      hostname: '127.0.0.1',
      port: '9933',
      agent: undefined,
      nativeProtocols: [Object],
      pathname: '/'
    },
    _ended: true,
    _ending: true,
    _redirectCount: 0,
    _redirects: [],
    _requestBodyLength: 396,
    _requestBodyBuffers: [ [Object] ],
    _eventsCount: 3,
    _onNativeResponse: [Function (anonymous)],
    _currentRequest: ClientRequest {
      _events: [Object: null prototype],
      _eventsCount: 7,
      _maxListeners: undefined,
      outputData: [],
      outputSize: 0,
      writable: true,
      destroyed: false,
      _last: false,
      chunkedEncoding: false,
      shouldKeepAlive: true,
      maxRequestsOnConnectionReached: false,
      _defaultKeepAlive: true,
      useChunkedEncodingByDefault: true,
      sendDate: false,
      _removedConnection: false,
      _removedContLen: false,
      _removedTE: false,
      strictContentLength: false,
      _contentLength: 396,
      _hasBody: true,
      _trailer: '',
      finished: true,
      _headerSent: true,
      _closed: false,
      _header: 'POST / HTTP/1.1\r\n' +
        'Accept: application/json, text/plain, */*\r\n' +
        'Content-Type: application/json\r\n' +
        'User-Agent: axios/1.13.2\r\n' +
        'Content-Length: 396\r\n' +
        'Accept-Encoding: gzip, compress, deflate, br\r\n' +
        'Host: 127.0.0.1:9933\r\n' +
        'Connection: keep-alive\r\n' +
        '\r\n',
      _keepAliveTimeout: 0,
      _onPendingData: [Function: nop],
      agent: [Agent],
      socketPath: undefined,
      method: 'POST',
      maxHeaderSize: undefined,
      insecureHTTPParser: undefined,
      joinDuplicateHeaders: undefined,
      path: '/',
      _ended: false,
      res: null,
      aborted: false,
      timeoutCb: [Function: emitRequestTimeout],
      upgradeOrConnect: false,
      parser: null,
      maxHeadersCount: null,
      reusedSocket: false,
      host: '127.0.0.1',
      protocol: 'http:',
      _redirectable: [Circular *1],
      Symbol(shapeMode): false,
      Symbol(kCapture): false,
      Symbol(kBytesWritten): 0,
      Symbol(kNeedDrain): false,
      Symbol(corked): 0,
      Symbol(kChunkedBuffer): [],
      Symbol(kChunkedLength): 0,
      Symbol(kSocket): [Socket],
      Symbol(kOutHeaders): [Object: null prototype],
      Symbol(errored): null,
      Symbol(kHighWaterMark): 65536,
      Symbol(kRejectNonStandardBodyWrites): false,
      Symbol(kUniqueHeaders): null
    },
    _currentUrl: 'http://127.0.0.1:9933/',
    _timeout: null,
    Symbol(shapeMode): true,
    Symbol(kCapture): false
  },
  [cause]: Error: connect ECONNREFUSED 127.0.0.1:9933
      at TCPConnectWrap.afterConnect [as oncomplete] (node:net:1637:16) {
    errno: -61,
    code: 'ECONNREFUSED',
    syscall: 'connect',
    address: '127.0.0.1',
    port: 9933
  }
}
